TOTAL REJECTED COMMITS: 2017 OUT OF 168040
52 TOTAL PROJECTS
2046 TOTAL FILES
34475 COVERAGE TARGETS TO ANALYZE
FILTERED OUT 18204 COVERAGE TARGETS AS POSSIBLY NONDETERMINISTIC
COVERAGE PERMANENTLY DROPPED: 2260
COVERAGE LOST 1 TIMES: 217
COVERAGE LOST 2 TIMES: 2
48 FILES HAVE SINGLE GAPS LASTING MORE THAN 0 DAYS AND 8 COMMITS:
set(['handlebars-maven-plugin/src/main/java/com/github/jknack/handlebars/maven/PrecompilePlugin.java', 'src/main/java/org/apache/commons/functor/core/algorithm/RetainMatching.java', 'mbed_lstools/lstools_base.py', 'core/src/main/java/io/undertow/server/handlers/cache/LRUCache.java', 'collections/src/main/java/com/gs/collections/impl/map/immutable/ImmutableUnifiedMap.java', 'src/main/java/org/raml/v2/internal/framework/grammar/rule/ArrayWrapperNode.java', 'dask/dataframe/optimize.py', 'lib/datetime/inspect.ex', '/frontend/Parser.cs', 'httpcore-nio/src/main/java/org/apache/http/nio/protocol/HttpAsyncRequestExecutor.java', 'src/main/java/org/apache/commons/exec/DefaultExecuteResultHandler.java', 'collections/src/main/java/com/gs/collections/impl/block/factory/Functions.java', 'src/main/java/org/apache/commons/collections4/CollectionUtils.java', 'collections/src/main/java/com/gs/collections/impl/bag/mutable/primitive/BooleanHashBag.java', 'collections/src/main/java/com/gs/collections/impl/map/sorted/mutable/MutableSortedMapFactoryImpl.java', 'src/main/java/org/apache/commons/functor/core/algorithm/InPlaceTransform.java', 'collections/src/main/java/com/gs/collections/impl/list/immutable/AbstractImmutableList.java', 'core/src/main/scala/eu/shiftforward/apso/time/IterableInterval.scala', 'core/src/main/scala/eu/shiftforward/apso/config/LazyConfigFactory.scala', '../dist/js/ui-components.js', 'agent.go', 'collections/src/main/java/com/gs/collections/impl/map/sorted/immutable/ImmutableSortedMapFactoryImpl.java', 'core/src/main/scala/eu/shiftforward/apso/akka/http/ProxySupport.scala', 'src/main/scala/org/broadinstitute/dsde/firecloud/webservice/LibraryApiService.scala', 'C/projects/valveresourceformat/ValveResourceFormat/ThirdParty/DDSImage.cs', 'core/src/main/java/io/undertow/server/handlers/resource/CachedResource.java', 'core/src/main/java/io/undertow/server/handlers/cache/DirectBufferCache.java', 'collections/src/main/java/com/gs/collections/impl/utility/ArrayIterate.java', 'src/main/java/org/raml/v2/internal/framework/grammar/rule/ErrorNodeFactory.java', 'src/main/java/org/jsoup/helper/W3CDom.java', 'collections/src/main/java/com/gs/collections/impl/set/sorted/mutable/MutableSortedSetFactoryImpl.java', 'src/main/java/org/apache/commons/functor/core/algorithm/RemoveMatching.java', 'lib/parse/datetime/parser.ex', 'app/controllers/Application.scala', 'dask/bag/core.py', 'src/main/java/org/raml/v2/internal/framework/nodes/snakeyaml/SYFloatingNode.java', 'collections/src/main/java/com/gs/collections/impl/list/mutable/AbstractMutableList.java', 'collections/src/main/java/com/gs/collections/impl/block/factory/Predicates.java', 'core/src/main/scala-2.11/eu/shiftforward/apso/spray/ProxySupport.scala', 'httpcore-nio/src/main/java/org/apache/http/nio/protocol/PipeliningClientExchangeHandler.java', 'servlet/src/test/java/io/undertow/servlet/test/defaultservlet/DefaultServletCachingTestCase.java', 'target/scala-2.11/routes/main/controllers/ReverseRoutes.scala', 'lib/parse/datetime/parsers/iso8601_extended.ex', 'C/projects/valveresourceformat/ValveResourceFormat/Package/Package.cs', 'src/test/java/org/jsoup/safety/CleanerTest.java', 'target/scala-2.11/routes/main/router/Routes.scala', 'src/main/scala/org/broadinstitute/dsde/firecloud/service/LibraryServiceSupport.scala', 'collections/src/main/java/com/gs/collections/impl/utility/ListIterate.java'])
19 PROJECTS HAVE SINGLE GAPS LASTING MORE THAN 0 DAYS AND 8 COMMITS:
set(['ilovepi/Compiler', 'jhy-jsoup', 'goldmansachs-gs-collections', 'ARMmbed/mbed-ls', 'apache-commons-functor', 'SteamDatabase/ValveResourceFormat', 'containers/virtcontainers', 'ManageIQ/ui-components', 'broadinstitute/firecloud-orchestration', 'undertow-io-undertow', 'raml-org-raml-java-parser', 'dask/dask', 'jknack-handlebars.java', 'ShiftForward/apso', 'apache-commons-exec', 'MITLibraries/topichub', 'bitwalker/timex', 'apache-commons-collections', 'apache-httpcore'])
217 ONE-TIME COVERAGE GAPS LASTING MORE THAN 0 DAYS
MINIMUM GAP: 2.31481481481e-05 DAYS
MAXIMUM GAP: 649.690497685 DAYS
MEAN GAP: 39.7027368152 DAYS
MEDIAN GAP: 19.2550115741 DAYS
217 ONE-TIME COVERAGE GAPS LASTING MORE THAN 8 COMMITS
MINIMUM GAP: 8 COMMITS
MAXIMUM GAP: 110 COMMITS
MEAN GAP: 31.0 COMMITS
MEDIAN GAP: 15.0 COMMITS
